[debug] [2023-05-01T10:09:02.440Z] ----------------------------------------------------------------------
[debug] [2023-05-01T10:09:02.441Z] Command:       C:\Program Files\nodejs\node.exe C:\Users\Funst\AppData\Roaming\npm\node_modules\firebase-tools\lib\bin\firebase.js init
[debug] [2023-05-01T10:09:02.442Z] CLI Version:   11.29.1
[debug] [2023-05-01T10:09:02.442Z] Platform:      win32
[debug] [2023-05-01T10:09:02.442Z] Node Version:  v16.13.0
[debug] [2023-05-01T10:09:02.442Z] Time:          Mon May 01 2023 12:09:02 GMT+0200 (Mitteleuropäische Sommerzeit)
[debug] [2023-05-01T10:09:02.443Z] ----------------------------------------------------------------------
[debug] 
[debug] [2023-05-01T10:09:02.489Z] > command requires scopes: ["email","openid","https://www.googleapis.com/auth/cloudplatformprojects.readonly","https://www.googleapis.com/auth/firebase","https://www.googleapis.com/auth/cloud-platform"]
[debug] [2023-05-01T10:09:02.490Z] > authorizing via signed-in user (jansteindorf@googlemail.com)
[info] 
     ######## #### ########  ######## ########     ###     ######  ########
     ##        ##  ##     ## ##       ##     ##  ##   ##  ##       ##
     ######    ##  ########  ######   ########  #########  ######  ######
     ##        ##  ##    ##  ##       ##     ## ##     ##       ## ##
     ##       #### ##     ## ######## ########  ##     ##  ######  ########

You're about to initialize a Firebase project in this directory:

  C:\Users\Funst\Documents\Programmieren\Udemy\React\flowlist\flowlist

Before we get started, keep in mind:

  * You are initializing within an existing Firebase project directory

[info] 
=== Project Setup
[info] 
[info] First, let's associate this project directory with a Firebase project.
[info] You can create multiple project aliases by running firebase use --add, 
[info] but for now we'll just set up a default project.
[info] 
[debug] [2023-05-01T10:09:10.922Z] Using project from CLI flag: flowlist-af486
[debug] [2023-05-01T10:09:10.923Z] >>> [apiv2][query] GET https://firebase.googleapis.com/v1beta1/projects/flowlist-af486 [none]
[debug] [2023-05-01T10:09:11.201Z] <<< [apiv2][status] GET https://firebase.googleapis.com/v1beta1/projects/flowlist-af486 200
[debug] [2023-05-01T10:09:11.201Z] <<< [apiv2][body] GET https://firebase.googleapis.com/v1beta1/projects/flowlist-af486 {"projectId":"flowlist-af486","projectNumber":"70219627903","displayName":"flowlist","name":"projects/flowlist-af486","resources":{"hostingSite":"flowlist-af486"},"state":"ACTIVE","etag":"1_1c75ad4d-48b2-41b5-a446-a17dc75c1762"}
[info] i  Using project flowlist-af486 (flowlist) 
[info] 
=== Hosting Setup
[info] 
[info] Your public directory is the folder (relative to your project directory) that
[info] will contain Hosting assets to be uploaded with firebase deploy. If you
[info] have a build process for your assets, use your build's output directory.
[info] 
[info] +  Wrote public/404.html 
[debug] [2023-05-01T10:09:27.942Z] >>> [apiv2][query] GET https://www.gstatic.com/firebasejs/releases.json [none]
[debug] [2023-05-01T10:09:28.065Z] <<< [apiv2][status] GET https://www.gstatic.com/firebasejs/releases.json 200
[debug] [2023-05-01T10:09:28.065Z] <<< [apiv2][body] GET https://www.gstatic.com/firebasejs/releases.json {"current":{"version":"9.21.0","browserURL":"https://www.gstatic.com/firebasejs/9.21.0/firebase.js","packageURL":"https://www.gstatic.com/firebasejs/9.21.0/firebase.tgz"},"live":{"version":"9.21","browserURL":"https://www.gstatic.com/firebasejs/live/9.21/firebase.js","packageURL":"https://www.gstatic.com/firebasejs/live/9.21/firebase.tgz"},"components":{"analytics":"https://www.gstatic.com/firebasejs/9.21.0/firebase-analytics.js","app":"https://www.gstatic.com/firebasejs/9.21.0/firebase-app.js","app-check":"https://www.gstatic.com/firebasejs/9.21.0/firebase-app-check.js","auth":"https://www.gstatic.com/firebasejs/9.21.0/firebase-auth.js","auth/cordova":"https://www.gstatic.com/firebasejs/9.21.0/firebase-auth/cordova.js","auth/react-native":"https://www.gstatic.com/firebasejs/9.21.0/firebase-auth/react-native.js","functions":"https://www.gstatic.com/firebasejs/9.21.0/firebase-functions.js","firestore":"https://www.gstatic.com/firebasejs/9.21.0/firebase-firestore.js","firestore/lite":"https://www.gstatic.com/firebasejs/9.21.0/firebase-firestore/lite.js","installations":"https://www.gstatic.com/firebasejs/9.21.0/firebase-installations.js","storage":"https://www.gstatic.com/firebasejs/9.21.0/firebase-storage.js","performance":"https://www.gstatic.com/firebasejs/9.21.0/firebase-performance.js","remote-config":"https://www.gstatic.com/firebasejs/9.21.0/firebase-remote-config.js","messaging":"https://www.gstatic.com/firebasejs/9.21.0/firebase-messaging.js","messaging/sw":"https://www.gstatic.com/firebasejs/9.21.0/firebase-messaging/sw.js","database":"https://www.gstatic.com/firebasejs/9.21.0/firebase-database.js","firestore.memory":"https://www.gstatic.com/firebasejs/9.21.0/firebase-firestore.memory.js"}}
[info] i  Skipping write of public/index.html 
[info] 
[info] i  Detected a .git folder at C:\Users\Funst\Documents\Programmieren\Udemy\React\flowlist\flowlist 
[info] i  Authorizing with GitHub to upload your service account to a GitHub repository's secrets store. 
[info] 
[info] Visit this URL on this device to log in:
[info] https://github.com/login/oauth/authorize?client_id=89cf50f02ac6aaed3484&state=551966042&redirect_uri=http%3A%2F%2Flocalhost%3A9005&scope=read%3Auser%20repo%20public_repo
[info] 
[info] Waiting for authentication...
[debug] [2023-05-01T10:09:48.136Z] >>> [apiv2][query] POST https://github.com/login/oauth/access_token [none]
[debug] [2023-05-01T10:09:48.136Z] >>> [apiv2][body] POST https://github.com/login/oauth/access_token [stream]
[debug] [2023-05-01T10:09:48.377Z] <<< [apiv2][status] POST https://github.com/login/oauth/access_token 200
[debug] [2023-05-01T10:09:48.378Z] <<< [apiv2][body] POST https://github.com/login/oauth/access_token {"access_token":"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","token_type":"bearer","scope":"read:user,repo"}
[debug] [2023-05-01T10:09:48.380Z] >>> [apiv2][query] GET https://api.github.com/user [none]
[debug] [2023-05-01T10:09:48.647Z] <<< [apiv2][status] GET https://api.github.com/user 200
[debug] [2023-05-01T10:09:48.648Z] <<< [apiv2][body] GET https://api.github.com/user {"login":"zFreezeD","id":66954824,"node_id":"MDQ6VXNlcjY2OTU0ODI0","avatar_url":"https://avatars.githubusercontent.com/u/66954824?v=4","gravatar_id":"","url":"https://api.github.com/users/zFreezeD","html_url":"https://github.com/zFreezeD","followers_url":"https://api.github.com/users/zFreezeD/followers","following_url":"https://api.github.com/users/zFreezeD/following{/other_user}","gists_url":"https://api.github.com/users/zFreezeD/gists{/gist_id}","starred_url":"https://api.github.com/users/zFreezeD/starred{/owner}{/repo}","subscriptions_url":"https://api.github.com/users/zFreezeD/subscriptions","organizations_url":"https://api.github.com/users/zFreezeD/orgs","repos_url":"https://api.github.com/users/zFreezeD/repos","events_url":"https://api.github.com/users/zFreezeD/events{/privacy}","received_events_url":"https://api.github.com/users/zFreezeD/received_events","type":"User","site_admin":false,"name":"Jan Steindorf","company":null,"blog":"","location":"Germany","email":null,"hireable":null,"bio":null,"twitter_username":null,"public_repos":8,"public_gists":0,"followers":0,"following":0,"created_at":"2020-06-15T13:02:20Z","updated_at":"2023-04-07T13:15:51Z","private_gists":0,"total_private_repos":6,"owned_private_repos":6,"disk_usage":112847,"collaborators":0,"two_factor_authentication":false,"plan":{"name":"free","space":976562499,"collaborators":0,"private_repos":10000}}
[info] 
[info] +  Success! Logged into GitHub as zFreezeD 
[info] 
